<?xml version="1.0" encoding="UTF-8"?>
<coverage generated="1667447101097" clover="3.2.0">
  <project timestamp="1667447101097" name="All files">
    <metrics statements="88" coveredstatements="84" conditionals="75" coveredconditionals="69" methods="14" coveredmethods="12" elements="177" coveredelements="165" complexity="0" loc="88" ncloc="88" packages="2" files="2" classes="2"/>
    <package name="Account">
      <metrics statements="70" coveredstatements="68" conditionals="63" coveredconditionals="57" methods="11" coveredmethods="11"/>
      <file name="Account.js" path="/home/xeniabarreto/Documentos/Imersao_JavaScript/on21-imersao-js-S7-Projeto-OOP/exercicios/projeto/Account/Account.js">
        <metrics statements="70" coveredstatements="68" conditionals="63" coveredconditionals="57" methods="11" coveredmethods="11"/>
        <line num="9" count="28" type="stmt"/>
        <line num="10" count="28" type="stmt"/>
        <line num="11" count="28" type="stmt"/>
        <line num="12" count="28" type="stmt"/>
        <line num="20" count="2" type="stmt"/>
        <line num="24" count="2" type="stmt"/>
        <line num="28" count="22" type="stmt"/>
        <line num="32" count="2" type="cond" truecount="5" falsecount="0"/>
        <line num="33" count="1" type="stmt"/>
        <line num="34" count="1" type="stmt"/>
        <line num="35" count="1" type="stmt"/>
        <line num="36" count="1" type="stmt"/>
        <line num="38" count="1" type="stmt"/>
        <line num="43" count="8" type="cond" truecount="3" falsecount="1"/>
        <line num="46" count="4" type="stmt"/>
        <line num="47" count="4" type="cond" truecount="2" falsecount="0"/>
        <line num="48" count="3" type="stmt"/>
        <line num="49" count="3" type="stmt"/>
        <line num="51" count="1" type="stmt"/>
        <line num="55" count="2" type="stmt"/>
        <line num="56" count="2" type="cond" truecount="1" falsecount="1"/>
        <line num="57" count="2" type="stmt"/>
        <line num="58" count="2" type="stmt"/>
        <line num="62" count="2" type="stmt"/>
        <line num="63" count="2" type="cond" truecount="1" falsecount="1"/>
        <line num="64" count="2" type="stmt"/>
        <line num="65" count="2" type="stmt"/>
        <line num="69" count="0" type="stmt"/>
        <line num="74" count="7" type="cond" truecount="1" falsecount="1"/>
        <line num="75" count="7" type="cond" truecount="4" falsecount="0"/>
        <line num="76" count="1" type="stmt"/>
        <line num="78" count="6" type="cond" truecount="2" falsecount="0"/>
        <line num="79" count="2" type="stmt"/>
        <line num="81" count="4" type="cond" truecount="4" falsecount="0"/>
        <line num="82" count="3" type="stmt"/>
        <line num="84" count="1" type="stmt"/>
        <line num="90" count="3" type="cond" truecount="4" falsecount="0"/>
        <line num="91" count="1" type="stmt"/>
        <line num="93" count="2" type="cond" truecount="1" falsecount="1"/>
        <line num="94" count="0" type="stmt"/>
        <line num="97" count="2" type="cond" truecount="4" falsecount="0"/>
        <line num="98" count="1" type="stmt"/>
        <line num="99" count="1" type="stmt"/>
        <line num="101" count="1" type="stmt"/>
        <line num="106" count="4" type="cond" truecount="2" falsecount="0"/>
        <line num="107" count="1" type="stmt"/>
        <line num="108" count="3" type="cond" truecount="2" falsecount="0"/>
        <line num="109" count="1" type="stmt"/>
        <line num="110" count="2" type="cond" truecount="2" falsecount="0"/>
        <line num="111" count="1" type="stmt"/>
        <line num="113" count="1" type="stmt"/>
        <line num="118" count="5" type="cond" truecount="2" falsecount="0"/>
        <line num="123" count="2" type="stmt"/>
        <line num="124" count="2" type="stmt"/>
        <line num="125" count="2" type="stmt"/>
        <line num="126" count="3" type="cond" truecount="2" falsecount="0"/>
        <line num="127" count="2" type="stmt"/>
        <line num="128" count="1" type="cond" truecount="1" falsecount="1"/>
        <line num="129" count="1" type="stmt"/>
        <line num="134" count="5" type="cond" truecount="2" falsecount="0"/>
        <line num="135" count="4" type="cond" truecount="5" falsecount="0"/>
        <line num="136" count="3" type="cond" truecount="2" falsecount="0"/>
        <line num="137" count="2" type="cond" truecount="2" falsecount="0"/>
        <line num="138" count="1" type="stmt"/>
        <line num="139" count="1" type="stmt"/>
        <line num="141" count="1" type="stmt"/>
        <line num="143" count="1" type="stmt"/>
        <line num="146" count="1" type="stmt"/>
        <line num="149" count="1" type="stmt"/>
        <line num="152" count="1" type="stmt"/>
      </file>
    </package>
    <package name="Client">
      <metrics statements="18" coveredstatements="16" conditionals="12" coveredconditionals="12" methods="3" coveredmethods="1"/>
      <file name="Client.js" path="/home/xeniabarreto/Documentos/Imersao_JavaScript/on21-imersao-js-S7-Projeto-OOP/exercicios/projeto/Client/Client.js">
        <metrics statements="18" coveredstatements="16" conditionals="12" coveredconditionals="12" methods="3" coveredmethods="1"/>
        <line num="20" count="8" type="cond" truecount="2" falsecount="0"/>
        <line num="21" count="7" type="stmt"/>
        <line num="22" count="7" type="stmt"/>
        <line num="23" count="7" type="stmt"/>
        <line num="24" count="7" type="stmt"/>
        <line num="26" count="7" type="cond" truecount="4" falsecount="0"/>
        <line num="27" count="2" type="stmt"/>
        <line num="28" count="2" type="stmt"/>
        <line num="29" count="5" type="cond" truecount="4" falsecount="0"/>
        <line num="30" count="2" type="stmt"/>
        <line num="31" count="2" type="stmt"/>
        <line num="32" count="3" type="cond" truecount="2" falsecount="0"/>
        <line num="33" count="2" type="stmt"/>
        <line num="34" count="2" type="stmt"/>
        <line num="37" count="7" type="stmt"/>
        <line num="39" count="1" type="stmt"/>
        <line num="44" count="0" type="stmt"/>
        <line num="48" count="0" type="stmt"/>
      </file>
    </package>
  </project>
</coverage>
