{"/home/xeniabarreto/Documentos/Imersao_JavaScript/on21-imersao-js-S7-Projeto-OOP/exercicios/projeto/Account/Account.js": {"path":"/home/xeniabarreto/Documentos/Imersao_JavaScript/on21-imersao-js-S7-Projeto-OOP/exercicios/projeto/Account/Account.js","statementMap":{"0":{"start":{"line":9,"column":4},"end":{"line":9,"column":40}},"1":{"start":{"line":10,"column":4},"end":{"line":10,"column":26}},"2":{"start":{"line":11,"column":4},"end":{"line":11,"column":28}},"3":{"start":{"line":12,"column":4},"end":{"line":16,"column":6}},"4":{"start":{"line":20,"column":4},"end":{"line":20,"column":31}},"5":{"start":{"line":24,"column":4},"end":{"line":24,"column":24}},"6":{"start":{"line":28,"column":4},"end":{"line":28,"column":25}},"7":{"start":{"line":32,"column":4},"end":{"line":39,"column":5}},"8":{"start":{"line":33,"column":6},"end":{"line":33,"column":42}},"9":{"start":{"line":34,"column":6},"end":{"line":34,"column":28}},"10":{"start":{"line":35,"column":6},"end":{"line":35,"column":30}},"11":{"start":{"line":36,"column":6},"end":{"line":36,"column":40}},"12":{"start":{"line":38,"column":6},"end":{"line":38,"column":60}},"13":{"start":{"line":43,"column":4},"end":{"line":70,"column":5}},"14":{"start":{"line":46,"column":10},"end":{"line":46,"column":122}},"15":{"start":{"line":47,"column":8},"end":{"line":52,"column":9}},"16":{"start":{"line":48,"column":10},"end":{"line":48,"column":38}},"17":{"start":{"line":49,"column":10},"end":{"line":49,"column":52}},"18":{"start":{"line":51,"column":10},"end":{"line":51,"column":47}},"19":{"start":{"line":55,"column":25},"end":{"line":55,"column":67}},"20":{"start":{"line":56,"column":8},"end":{"line":59,"column":9}},"21":{"start":{"line":57,"column":10},"end":{"line":57,"column":40}},"22":{"start":{"line":58,"column":10},"end":{"line":58,"column":54}},"23":{"start":{"line":62,"column":28},"end":{"line":62,"column":79}},"24":{"start":{"line":63,"column":8},"end":{"line":66,"column":9}},"25":{"start":{"line":64,"column":10},"end":{"line":64,"column":43}},"26":{"start":{"line":65,"column":10},"end":{"line":65,"column":57}},"27":{"start":{"line":69,"column":8},"end":{"line":69,"column":43}},"28":{"start":{"line":74,"column":4},"end":{"line":86,"column":5}},"29":{"start":{"line":75,"column":6},"end":{"line":77,"column":7}},"30":{"start":{"line":76,"column":8},"end":{"line":76,"column":74}},"31":{"start":{"line":78,"column":6},"end":{"line":80,"column":7}},"32":{"start":{"line":79,"column":8},"end":{"line":79,"column":77}},"33":{"start":{"line":81,"column":6},"end":{"line":85,"column":7}},"34":{"start":{"line":82,"column":8},"end":{"line":82,"column":31}},"35":{"start":{"line":84,"column":8},"end":{"line":84,"column":70}},"36":{"start":{"line":90,"column":4},"end":{"line":92,"column":5}},"37":{"start":{"line":91,"column":6},"end":{"line":91,"column":61}},"38":{"start":{"line":93,"column":4},"end":{"line":95,"column":5}},"39":{"start":{"line":94,"column":6},"end":{"line":94,"column":75}},"40":{"start":{"line":97,"column":4},"end":{"line":102,"column":5}},"41":{"start":{"line":98,"column":6},"end":{"line":98,"column":29}},"42":{"start":{"line":99,"column":6},"end":{"line":99,"column":44}},"43":{"start":{"line":101,"column":6},"end":{"line":101,"column":77}},"44":{"start":{"line":106,"column":4},"end":{"line":114,"column":5}},"45":{"start":{"line":107,"column":6},"end":{"line":107,"column":30}},"46":{"start":{"line":108,"column":11},"end":{"line":114,"column":5}},"47":{"start":{"line":109,"column":6},"end":{"line":109,"column":32}},"48":{"start":{"line":110,"column":11},"end":{"line":114,"column":5}},"49":{"start":{"line":111,"column":6},"end":{"line":111,"column":35}},"50":{"start":{"line":113,"column":6},"end":{"line":113,"column":57}},"51":{"start":{"line":118,"column":4},"end":{"line":130,"column":5}},"52":{"start":{"line":123,"column":6},"end":{"line":123,"column":29}},"53":{"start":{"line":124,"column":6},"end":{"line":124,"column":39}},"54":{"start":{"line":125,"column":6},"end":{"line":125,"column":47}},"55":{"start":{"line":126,"column":11},"end":{"line":130,"column":5}},"56":{"start":{"line":127,"column":6},"end":{"line":127,"column":41}},"57":{"start":{"line":128,"column":11},"end":{"line":130,"column":5}},"58":{"start":{"line":129,"column":6},"end":{"line":129,"column":69}},"59":{"start":{"line":134,"column":4},"end":{"line":153,"column":5}},"60":{"start":{"line":135,"column":6},"end":{"line":150,"column":7}},"61":{"start":{"line":136,"column":8},"end":{"line":147,"column":9}},"62":{"start":{"line":137,"column":10},"end":{"line":144,"column":11}},"63":{"start":{"line":138,"column":12},"end":{"line":138,"column":35}},"64":{"start":{"line":139,"column":12},"end":{"line":139,"column":45}},"65":{"start":{"line":141,"column":12},"end":{"line":141,"column":53}},"66":{"start":{"line":143,"column":12},"end":{"line":143,"column":70}},"67":{"start":{"line":146,"column":10},"end":{"line":146,"column":73}},"68":{"start":{"line":149,"column":8},"end":{"line":149,"column":46}},"69":{"start":{"line":152,"column":6},"end":{"line":152,"column":41}}},"fnMap":{"0":{"name":"(anonymous_0)","decl":{"start":{"line":8,"column":2},"end":{"line":8,"column":3}},"loc":{"start":{"line":8,"column":46},"end":{"line":17,"column":3}},"line":8},"1":{"name":"(anonymous_1)","decl":{"start":{"line":19,"column":2},"end":{"line":19,"column":3}},"loc":{"start":{"line":19,"column":22},"end":{"line":21,"column":3}},"line":19},"2":{"name":"(anonymous_2)","decl":{"start":{"line":23,"column":2},"end":{"line":23,"column":3}},"loc":{"start":{"line":23,"column":15},"end":{"line":25,"column":3}},"line":23},"3":{"name":"(anonymous_3)","decl":{"start":{"line":27,"column":2},"end":{"line":27,"column":3}},"loc":{"start":{"line":27,"column":16},"end":{"line":29,"column":3}},"line":27},"4":{"name":"(anonymous_4)","decl":{"start":{"line":31,"column":2},"end":{"line":31,"column":3}},"loc":{"start":{"line":31,"column":48},"end":{"line":40,"column":3}},"line":31},"5":{"name":"(anonymous_5)","decl":{"start":{"line":42,"column":2},"end":{"line":42,"column":3}},"loc":{"start":{"line":42,"column":34},"end":{"line":71,"column":3}},"line":42},"6":{"name":"(anonymous_6)","decl":{"start":{"line":73,"column":2},"end":{"line":73,"column":3}},"loc":{"start":{"line":73,"column":25},"end":{"line":87,"column":3}},"line":73},"7":{"name":"(anonymous_7)","decl":{"start":{"line":89,"column":2},"end":{"line":89,"column":3}},"loc":{"start":{"line":89,"column":28},"end":{"line":103,"column":3}},"line":89},"8":{"name":"(anonymous_8)","decl":{"start":{"line":105,"column":2},"end":{"line":105,"column":3}},"loc":{"start":{"line":105,"column":17},"end":{"line":115,"column":3}},"line":105},"9":{"name":"(anonymous_9)","decl":{"start":{"line":117,"column":2},"end":{"line":117,"column":3}},"loc":{"start":{"line":117,"column":41},"end":{"line":131,"column":3}},"line":117},"10":{"name":"(anonymous_10)","decl":{"start":{"line":133,"column":2},"end":{"line":133,"column":3}},"loc":{"start":{"line":133,"column":69},"end":{"line":154,"column":3}},"line":133}},"branchMap":{"0":{"loc":{"start":{"line":32,"column":4},"end":{"line":39,"column":5}},"type":"if","locations":[{"start":{"line":32,"column":4},"end":{"line":39,"column":5}},{"start":{"line":37,"column":11},"end":{"line":39,"column":5}}],"line":32},"1":{"loc":{"start":{"line":32,"column":8},"end":{"line":32,"column":72}},"type":"binary-expr","locations":[{"start":{"line":32,"column":8},"end":{"line":32,"column":34}},{"start":{"line":32,"column":38},"end":{"line":32,"column":57}},{"start":{"line":32,"column":61},"end":{"line":32,"column":72}}],"line":32},"2":{"loc":{"start":{"line":43,"column":4},"end":{"line":70,"column":5}},"type":"switch","locations":[{"start":{"line":44,"column":6},"end":{"line":52,"column":9}},{"start":{"line":54,"column":6},"end":{"line":59,"column":9}},{"start":{"line":61,"column":6},"end":{"line":66,"column":9}},{"start":{"line":68,"column":6},"end":{"line":69,"column":43}}],"line":43},"3":{"loc":{"start":{"line":47,"column":8},"end":{"line":52,"column":9}},"type":"if","locations":[{"start":{"line":47,"column":8},"end":{"line":52,"column":9}},{"start":{"line":50,"column":15},"end":{"line":52,"column":9}}],"line":47},"4":{"loc":{"start":{"line":56,"column":8},"end":{"line":59,"column":9}},"type":"if","locations":[{"start":{"line":56,"column":8},"end":{"line":59,"column":9}},{"start":{},"end":{}}],"line":56},"5":{"loc":{"start":{"line":63,"column":8},"end":{"line":66,"column":9}},"type":"if","locations":[{"start":{"line":63,"column":8},"end":{"line":66,"column":9}},{"start":{},"end":{}}],"line":63},"6":{"loc":{"start":{"line":74,"column":4},"end":{"line":86,"column":5}},"type":"if","locations":[{"start":{"line":74,"column":4},"end":{"line":86,"column":5}},{"start":{},"end":{}}],"line":74},"7":{"loc":{"start":{"line":75,"column":6},"end":{"line":77,"column":7}},"type":"if","locations":[{"start":{"line":75,"column":6},"end":{"line":77,"column":7}},{"start":{},"end":{}}],"line":75},"8":{"loc":{"start":{"line":75,"column":10},"end":{"line":75,"column":65}},"type":"binary-expr","locations":[{"start":{"line":75,"column":10},"end":{"line":75,"column":35}},{"start":{"line":75,"column":39},"end":{"line":75,"column":65}}],"line":75},"9":{"loc":{"start":{"line":78,"column":6},"end":{"line":80,"column":7}},"type":"if","locations":[{"start":{"line":78,"column":6},"end":{"line":80,"column":7}},{"start":{},"end":{}}],"line":78},"10":{"loc":{"start":{"line":81,"column":6},"end":{"line":85,"column":7}},"type":"if","locations":[{"start":{"line":81,"column":6},"end":{"line":85,"column":7}},{"start":{"line":83,"column":13},"end":{"line":85,"column":7}}],"line":81},"11":{"loc":{"start":{"line":81,"column":10},"end":{"line":81,"column":54}},"type":"binary-expr","locations":[{"start":{"line":81,"column":10},"end":{"line":81,"column":19}},{"start":{"line":81,"column":23},"end":{"line":81,"column":54}}],"line":81},"12":{"loc":{"start":{"line":90,"column":4},"end":{"line":92,"column":5}},"type":"if","locations":[{"start":{"line":90,"column":4},"end":{"line":92,"column":5}},{"start":{},"end":{}}],"line":90},"13":{"loc":{"start":{"line":90,"column":8},"end":{"line":90,"column":62}},"type":"binary-expr","locations":[{"start":{"line":90,"column":8},"end":{"line":90,"column":33}},{"start":{"line":90,"column":37},"end":{"line":90,"column":62}}],"line":90},"14":{"loc":{"start":{"line":93,"column":4},"end":{"line":95,"column":5}},"type":"if","locations":[{"start":{"line":93,"column":4},"end":{"line":95,"column":5}},{"start":{},"end":{}}],"line":93},"15":{"loc":{"start":{"line":97,"column":4},"end":{"line":102,"column":5}},"type":"if","locations":[{"start":{"line":97,"column":4},"end":{"line":102,"column":5}},{"start":{"line":100,"column":11},"end":{"line":102,"column":5}}],"line":97},"16":{"loc":{"start":{"line":97,"column":8},"end":{"line":97,"column":65}},"type":"binary-expr","locations":[{"start":{"line":97,"column":8},"end":{"line":97,"column":30}},{"start":{"line":97,"column":34},"end":{"line":97,"column":65}}],"line":97},"17":{"loc":{"start":{"line":106,"column":4},"end":{"line":114,"column":5}},"type":"if","locations":[{"start":{"line":106,"column":4},"end":{"line":114,"column":5}},{"start":{"line":108,"column":11},"end":{"line":114,"column":5}}],"line":106},"18":{"loc":{"start":{"line":108,"column":11},"end":{"line":114,"column":5}},"type":"if","locations":[{"start":{"line":108,"column":11},"end":{"line":114,"column":5}},{"start":{"line":110,"column":11},"end":{"line":114,"column":5}}],"line":108},"19":{"loc":{"start":{"line":110,"column":11},"end":{"line":114,"column":5}},"type":"if","locations":[{"start":{"line":110,"column":11},"end":{"line":114,"column":5}},{"start":{"line":112,"column":11},"end":{"line":114,"column":5}}],"line":110},"20":{"loc":{"start":{"line":118,"column":4},"end":{"line":130,"column":5}},"type":"if","locations":[{"start":{"line":118,"column":4},"end":{"line":130,"column":5}},{"start":{"line":126,"column":11},"end":{"line":130,"column":5}}],"line":118},"21":{"loc":{"start":{"line":119,"column":6},"end":{"line":121,"column":32}},"type":"binary-expr","locations":[{"start":{"line":119,"column":6},"end":{"line":119,"column":39}},{"start":{"line":120,"column":6},"end":{"line":120,"column":28}},{"start":{"line":121,"column":6},"end":{"line":121,"column":32}}],"line":119},"22":{"loc":{"start":{"line":126,"column":11},"end":{"line":130,"column":5}},"type":"if","locations":[{"start":{"line":126,"column":11},"end":{"line":130,"column":5}},{"start":{"line":128,"column":11},"end":{"line":130,"column":5}}],"line":126},"23":{"loc":{"start":{"line":128,"column":11},"end":{"line":130,"column":5}},"type":"if","locations":[{"start":{"line":128,"column":11},"end":{"line":130,"column":5}},{"start":{},"end":{}}],"line":128},"24":{"loc":{"start":{"line":134,"column":4},"end":{"line":153,"column":5}},"type":"if","locations":[{"start":{"line":134,"column":4},"end":{"line":153,"column":5}},{"start":{"line":151,"column":11},"end":{"line":153,"column":5}}],"line":134},"25":{"loc":{"start":{"line":135,"column":6},"end":{"line":150,"column":7}},"type":"if","locations":[{"start":{"line":135,"column":6},"end":{"line":150,"column":7}},{"start":{"line":148,"column":13},"end":{"line":150,"column":7}}],"line":135},"26":{"loc":{"start":{"line":135,"column":10},"end":{"line":135,"column":175}},"type":"binary-expr","locations":[{"start":{"line":135,"column":10},"end":{"line":135,"column":65}},{"start":{"line":135,"column":69},"end":{"line":135,"column":119}},{"start":{"line":135,"column":123},"end":{"line":135,"column":175}}],"line":135},"27":{"loc":{"start":{"line":136,"column":8},"end":{"line":147,"column":9}},"type":"if","locations":[{"start":{"line":136,"column":8},"end":{"line":147,"column":9}},{"start":{"line":145,"column":15},"end":{"line":147,"column":9}}],"line":136},"28":{"loc":{"start":{"line":137,"column":10},"end":{"line":144,"column":11}},"type":"if","locations":[{"start":{"line":137,"column":10},"end":{"line":144,"column":11}},{"start":{"line":142,"column":17},"end":{"line":144,"column":11}}],"line":137}},"s":{"0":28,"1":28,"2":28,"3":28,"4":2,"5":2,"6":22,"7":2,"8":1,"9":1,"10":1,"11":1,"12":1,"13":8,"14":4,"15":4,"16":3,"17":3,"18":1,"19":2,"20":2,"21":2,"22":2,"23":2,"24":2,"25":2,"26":2,"27":0,"28":7,"29":7,"30":1,"31":6,"32":2,"33":4,"34":3,"35":1,"36":3,"37":1,"38":2,"39":0,"40":2,"41":1,"42":1,"43":1,"44":4,"45":1,"46":3,"47":1,"48":2,"49":1,"50":1,"51":5,"52":2,"53":2,"54":2,"55":3,"56":2,"57":1,"58":1,"59":5,"60":4,"61":3,"62":2,"63":1,"64":1,"65":1,"66":1,"67":1,"68":1,"69":1},"f":{"0":28,"1":2,"2":2,"3":22,"4":2,"5":8,"6":7,"7":3,"8":4,"9":5,"10":5},"b":{"0":[1,1],"1":[2,1,1],"2":[4,2,2,0],"3":[3,1],"4":[2,0],"5":[2,0],"6":[7,0],"7":[1,6],"8":[7,6],"9":[2,4],"10":[3,1],"11":[4,3],"12":[1,2],"13":[3,2],"14":[0,2],"15":[1,1],"16":[2,1],"17":[1,3],"18":[1,2],"19":[1,1],"20":[2,3],"21":[5,3,2],"22":[2,1],"23":[1,0],"24":[4,1],"25":[3,1],"26":[4,1,1],"27":[2,1],"28":[1,1]},"_coverageSchema":"1a1c01bbd47fc00a2c39e90264f33305004495a9","hash":"38c1c7a4b07332f42472b3ca135241b03753fc05"}
,"/home/xeniabarreto/Documentos/Imersao_JavaScript/on21-imersao-js-S7-Projeto-OOP/exercicios/projeto/Client/Client.js": {"path":"/home/xeniabarreto/Documentos/Imersao_JavaScript/on21-imersao-js-S7-Projeto-OOP/exercicios/projeto/Client/Client.js","statementMap":{"0":{"start":{"line":20,"column":4},"end":{"line":40,"column":5}},"1":{"start":{"line":21,"column":6},"end":{"line":21,"column":23}},"2":{"start":{"line":22,"column":6},"end":{"line":22,"column":22}},"3":{"start":{"line":23,"column":6},"end":{"line":23,"column":30}},"4":{"start":{"line":24,"column":6},"end":{"line":24,"column":28}},"5":{"start":{"line":26,"column":6},"end":{"line":35,"column":7}},"6":{"start":{"line":27,"column":8},"end":{"line":27,"column":37}},"7":{"start":{"line":28,"column":8},"end":{"line":28,"column":36}},"8":{"start":{"line":29,"column":13},"end":{"line":35,"column":7}},"9":{"start":{"line":30,"column":8},"end":{"line":30,"column":33}},"10":{"start":{"line":31,"column":8},"end":{"line":31,"column":36}},"11":{"start":{"line":32,"column":13},"end":{"line":35,"column":7}},"12":{"start":{"line":33,"column":8},"end":{"line":33,"column":36}},"13":{"start":{"line":34,"column":8},"end":{"line":34,"column":44}},"14":{"start":{"line":37,"column":6},"end":{"line":37,"column":34}},"15":{"start":{"line":39,"column":6},"end":{"line":39,"column":59}},"16":{"start":{"line":44,"column":4},"end":{"line":44,"column":27}},"17":{"start":{"line":48,"column":4},"end":{"line":48,"column":32}}},"fnMap":{"0":{"name":"(anonymous_0)","decl":{"start":{"line":19,"column":2},"end":{"line":19,"column":3}},"loc":{"start":{"line":19,"column":45},"end":{"line":41,"column":3}},"line":19},"1":{"name":"(anonymous_1)","decl":{"start":{"line":43,"column":2},"end":{"line":43,"column":3}},"loc":{"start":{"line":43,"column":19},"end":{"line":45,"column":3}},"line":43},"2":{"name":"(anonymous_2)","decl":{"start":{"line":47,"column":2},"end":{"line":47,"column":3}},"loc":{"start":{"line":47,"column":24},"end":{"line":49,"column":3}},"line":47}},"branchMap":{"0":{"loc":{"start":{"line":20,"column":4},"end":{"line":40,"column":5}},"type":"if","locations":[{"start":{"line":20,"column":4},"end":{"line":40,"column":5}},{"start":{"line":38,"column":11},"end":{"line":40,"column":5}}],"line":20},"1":{"loc":{"start":{"line":26,"column":6},"end":{"line":35,"column":7}},"type":"if","locations":[{"start":{"line":26,"column":6},"end":{"line":35,"column":7}},{"start":{"line":29,"column":13},"end":{"line":35,"column":7}}],"line":26},"2":{"loc":{"start":{"line":26,"column":9},"end":{"line":26,"column":52}},"type":"binary-expr","locations":[{"start":{"line":26,"column":9},"end":{"line":26,"column":25}},{"start":{"line":26,"column":29},"end":{"line":26,"column":52}}],"line":26},"3":{"loc":{"start":{"line":29,"column":13},"end":{"line":35,"column":7}},"type":"if","locations":[{"start":{"line":29,"column":13},"end":{"line":35,"column":7}},{"start":{"line":32,"column":13},"end":{"line":35,"column":7}}],"line":29},"4":{"loc":{"start":{"line":29,"column":17},"end":{"line":29,"column":64}},"type":"binary-expr","locations":[{"start":{"line":29,"column":17},"end":{"line":29,"column":36}},{"start":{"line":29,"column":40},"end":{"line":29,"column":64}}],"line":29},"5":{"loc":{"start":{"line":32,"column":13},"end":{"line":35,"column":7}},"type":"if","locations":[{"start":{"line":32,"column":13},"end":{"line":35,"column":7}},{"start":{},"end":{}}],"line":32}},"s":{"0":8,"1":7,"2":7,"3":7,"4":7,"5":7,"6":2,"7":2,"8":5,"9":2,"10":2,"11":3,"12":2,"13":2,"14":7,"15":1,"16":0,"17":0},"f":{"0":8,"1":0,"2":0},"b":{"0":[7,1],"1":[2,5],"2":[7,7],"3":[2,3],"4":[5,4],"5":[2,1]},"_coverageSchema":"1a1c01bbd47fc00a2c39e90264f33305004495a9","hash":"42c2cbb08b1097ac4f7d6b2533d2b4beed3cb886"}
}
