TN:
SF:Account/Account.js
FN:8,(anonymous_0)
FN:19,(anonymous_1)
FN:23,(anonymous_2)
FN:27,(anonymous_3)
FN:31,(anonymous_4)
FN:42,(anonymous_5)
FN:73,(anonymous_6)
FN:89,(anonymous_7)
FN:105,(anonymous_8)
FN:117,(anonymous_9)
FN:133,(anonymous_10)
FNF:11
FNH:11
FNDA:28,(anonymous_0)
FNDA:2,(anonymous_1)
FNDA:2,(anonymous_2)
FNDA:22,(anonymous_3)
FNDA:2,(anonymous_4)
FNDA:8,(anonymous_5)
FNDA:7,(anonymous_6)
FNDA:3,(anonymous_7)
FNDA:4,(anonymous_8)
FNDA:5,(anonymous_9)
FNDA:5,(anonymous_10)
DA:9,28
DA:10,28
DA:11,28
DA:12,28
DA:20,2
DA:24,2
DA:28,22
DA:32,2
DA:33,1
DA:34,1
DA:35,1
DA:36,1
DA:38,1
DA:43,8
DA:46,4
DA:47,4
DA:48,3
DA:49,3
DA:51,1
DA:55,2
DA:56,2
DA:57,2
DA:58,2
DA:62,2
DA:63,2
DA:64,2
DA:65,2
DA:69,0
DA:74,7
DA:75,7
DA:76,1
DA:78,6
DA:79,2
DA:81,4
DA:82,3
DA:84,1
DA:90,3
DA:91,1
DA:93,2
DA:94,0
DA:97,2
DA:98,1
DA:99,1
DA:101,1
DA:106,4
DA:107,1
DA:108,3
DA:109,1
DA:110,2
DA:111,1
DA:113,1
DA:118,5
DA:123,2
DA:124,2
DA:125,2
DA:126,3
DA:127,2
DA:128,1
DA:129,1
DA:134,5
DA:135,4
DA:136,3
DA:137,2
DA:138,1
DA:139,1
DA:141,1
DA:143,1
DA:146,1
DA:149,1
DA:152,1
LF:70
LH:68
BRDA:32,0,0,1
BRDA:32,0,1,1
BRDA:32,1,0,2
BRDA:32,1,1,1
BRDA:32,1,2,1
BRDA:43,2,0,4
BRDA:43,2,1,2
BRDA:43,2,2,2
BRDA:43,2,3,0
BRDA:47,3,0,3
BRDA:47,3,1,1
BRDA:56,4,0,2
BRDA:56,4,1,0
BRDA:63,5,0,2
BRDA:63,5,1,0
BRDA:74,6,0,7
BRDA:74,6,1,0
BRDA:75,7,0,1
BRDA:75,7,1,6
BRDA:75,8,0,7
BRDA:75,8,1,6
BRDA:78,9,0,2
BRDA:78,9,1,4
BRDA:81,10,0,3
BRDA:81,10,1,1
BRDA:81,11,0,4
BRDA:81,11,1,3
BRDA:90,12,0,1
BRDA:90,12,1,2
BRDA:90,13,0,3
BRDA:90,13,1,2
BRDA:93,14,0,0
BRDA:93,14,1,2
BRDA:97,15,0,1
BRDA:97,15,1,1
BRDA:97,16,0,2
BRDA:97,16,1,1
BRDA:106,17,0,1
BRDA:106,17,1,3
BRDA:108,18,0,1
BRDA:108,18,1,2
BRDA:110,19,0,1
BRDA:110,19,1,1
BRDA:118,20,0,2
BRDA:118,20,1,3
BRDA:119,21,0,5
BRDA:119,21,1,3
BRDA:119,21,2,2
BRDA:126,22,0,2
BRDA:126,22,1,1
BRDA:128,23,0,1
BRDA:128,23,1,0
BRDA:134,24,0,4
BRDA:134,24,1,1
BRDA:135,25,0,3
BRDA:135,25,1,1
BRDA:135,26,0,4
BRDA:135,26,1,1
BRDA:135,26,2,1
BRDA:136,27,0,2
BRDA:136,27,1,1
BRDA:137,28,0,1
BRDA:137,28,1,1
BRF:63
BRH:57
end_of_record
TN:
SF:Client/Client.js
FN:19,(anonymous_0)
FN:43,(anonymous_1)
FN:47,(anonymous_2)
FNF:3
FNH:1
FNDA:8,(anonymous_0)
FNDA:0,(anonymous_1)
FNDA:0,(anonymous_2)
DA:20,8
DA:21,7
DA:22,7
DA:23,7
DA:24,7
DA:26,7
DA:27,2
DA:28,2
DA:29,5
DA:30,2
DA:31,2
DA:32,3
DA:33,2
DA:34,2
DA:37,7
DA:39,1
DA:44,0
DA:48,0
LF:18
LH:16
BRDA:20,0,0,7
BRDA:20,0,1,1
BRDA:26,1,0,2
BRDA:26,1,1,5
BRDA:26,2,0,7
BRDA:26,2,1,7
BRDA:29,3,0,2
BRDA:29,3,1,3
BRDA:29,4,0,5
BRDA:29,4,1,4
BRDA:32,5,0,2
BRDA:32,5,1,1
BRF:12
BRH:12
end_of_record
